{"level":"error","message":"Error uploading to S3: Your socket connection to the server was not read from or written to within the timeout period. Idle connections will be closed.","timestamp":"2024-12-17T07:43:35.928Z"}
{"level":"error","message":"Error in generate endpoint: Your socket connection to the server was not read from or written to within the timeout period. Idle connections will be closed.","timestamp":"2024-12-17T07:43:35.929Z"}
{"level":"error","message":"Error uploading to S3: Your socket connection to the server was not read from or written to within the timeout period. Idle connections will be closed.","timestamp":"2024-12-17T07:50:58.952Z"}
{"level":"error","message":"Error in generate endpoint: Failed to upload video to S3: Your socket connection to the server was not read from or written to within the timeout period. Idle connections will be closed.","timestamp":"2024-12-17T07:50:58.953Z"}
{"level":"error","message":"Error in video generation: Generated video is invalid or too short","timestamp":"2024-12-17T08:12:37.105Z"}
{"level":"error","message":"Error in video creation: ffmpeg exited with code 234: Stream map '' matches no streams.\nTo ignore this, add a trailing '?' to the map.\nFailed to set value '1:a' for option 'map': Invalid argument\nError parsing options for output file static/videos/output_1734424615831.mp4.\nError opening output files: Invalid argument\n","timestamp":"2024-12-17T08:36:56.407Z"}
{"level":"error","message":"Error in video generation: ffmpeg exited with code 234: Stream map '' matches no streams.\nTo ignore this, add a trailing '?' to the map.\nFailed to set value '1:a' for option 'map': Invalid argument\nError parsing options for output file static/videos/output_1734424615831.mp4.\nError opening output files: Invalid argument\n","timestamp":"2024-12-17T08:36:56.407Z"}
{"level":"error","message":"FFmpeg error: ffmpeg exited with code 254: Error opening input file /Users/s.m.ahadalichowdhury/Downloads/project/short-project/backend/temp/input.txt.\nError opening input files: No such file or directory\n","timestamp":"2024-12-17T09:11:41.897Z"}
{"level":"error","message":"Error in video generation: ffmpeg exited with code 254: Error opening input file /Users/s.m.ahadalichowdhury/Downloads/project/short-project/backend/temp/input.txt.\nError opening input files: No such file or directory\n","timestamp":"2024-12-17T09:11:41.897Z"}
{"level":"error","message":"Error in video generation: Video is too long (29.1s vs target 15s)","timestamp":"2024-12-17T09:14:01.164Z"}
{"level":"error","message":"Error in createVideo: Video duration (18s) is outside acceptable range (13.5s - 16.5s)","timestamp":"2024-12-17T09:16:51.111Z"}
{"level":"error","message":"Error in video generation: Video duration (18s) is outside acceptable range (13.5s - 16.5s)","timestamp":"2024-12-17T09:16:51.112Z"}
{"level":"error","message":"Error in createVideo: Video duration (12.336s) is outside acceptable range (13.5s - 16.5s)","timestamp":"2024-12-17T09:21:02.552Z"}
{"level":"error","message":"Error in video generation: Video duration (12.336s) is outside acceptable range (13.5s - 16.5s)","timestamp":"2024-12-17T09:21:02.553Z"}
{"level":"error","message":"Error uploading to S3: The bucket does not allow ACLs","timestamp":"2024-12-17T09:42:04.153Z"}
{"level":"error","message":"Error in video generation: The bucket does not allow ACLs","timestamp":"2024-12-17T09:42:04.154Z"}
{"level":"error","message":"Error in createVideo: Video duration (13.344s) is outside acceptable range (13.5s - 16.5s)","timestamp":"2024-12-17T09:55:52.888Z"}
{"level":"error","message":"Error in video generation: Video duration (13.344s) is outside acceptable range (13.5s - 16.5s)","timestamp":"2024-12-17T09:55:52.888Z"}
{"level":"error","message":"Error generating audio: Audio duration too long","timestamp":"2024-12-17T10:05:24.674Z"}
{"level":"error","message":"Error in video generation: Audio duration too long","timestamp":"2024-12-17T10:05:24.674Z"}
{"level":"error","message":"Error uploading to S3: fs.createReadStream is not a function","timestamp":"2024-12-17T10:12:42.251Z"}
{"level":"error","message":"Error in video generation: fs.createReadStream is not a function","timestamp":"2024-12-17T10:12:42.251Z"}
{"level":"error","message":"Error uploading to S3: Your socket connection to the server was not read from or written to within the timeout period. Idle connections will be closed.","timestamp":"2024-12-17T10:26:39.534Z"}
{"level":"error","message":"Error in video generation: Your socket connection to the server was not read from or written to within the timeout period. Idle connections will be closed.","timestamp":"2024-12-17T10:26:39.534Z"}
{"level":"error","message":"Error uploading to S3: Your socket connection to the server was not read from or written to within the timeout period. Idle connections will be closed.","timestamp":"2024-12-17T10:31:36.647Z"}
{"level":"error","message":"Error in video generation: Your socket connection to the server was not read from or written to within the timeout period. Idle connections will be closed.","timestamp":"2024-12-17T10:31:36.647Z"}
{"level":"error","message":"Error uploading to S3: Your socket connection to the server was not read from or written to within the timeout period. Idle connections will be closed.","timestamp":"2024-12-17T10:40:00.265Z"}
{"level":"error","message":"Error in video generation: Your socket connection to the server was not read from or written to within the timeout period. Idle connections will be closed.","timestamp":"2024-12-17T10:40:00.266Z"}
{"level":"error","message":"Error uploading to S3: Your socket connection to the server was not read from or written to within the timeout period. Idle connections will be closed.","timestamp":"2024-12-17T10:45:05.474Z"}
{"level":"error","message":"Error in video generation: Your socket connection to the server was not read from or written to within the timeout period. Idle connections will be closed.","timestamp":"2024-12-17T10:45:05.476Z"}
{"level":"error","message":"Error deleting video: Error: ENOENT: no such file or directory, unlink 'static/videos/output_1734433422931.mp4'","timestamp":"2024-12-17T11:03:58.835Z"}
